<?xml version="1.0" encoding="UTF-8"?>
<!-- Generated by org.testng.reporters.JUnitReportReporter -->
<testsuite name="com.actitme.login.Demo" tests="1" time="0.024" ignored="0" failures="0" timestamp="29 Jun 2020 06:55:19 GMT" skipped="0" hostname="DESKTOP-FM58BBI" errors="0">
  <testcase name="run" time="0.024" classname="com.actitme.login.Demo"/>
</testsuite> <!-- com.actitme.login.Demo -->
